4076
0 0 3 2
0 3 2 6
4 0 7 2
3 3 6 5
0 7 1 12
8 0 11 2
2 7 7 8
3 6 14 6
7 3 10 5
2 9 5 11
12 0 14 3
0 13 3 15
6 9 9 11
8 7 19 7
11 4 16 5
15 0 18 2
0 16 3 18
4 12 7 14
10 8 13 10
15 3 26 3
0 19 3 21
4 15 7 17
19 0 22 2
8 12 11 14
10 11 21 11
15 6 26 6
17 4 22 5
0 22 3 24
4 18 9 19
14 8 17 10
8 15 11 17
23 0 28 1
4 20 7 22
12 12 15 14
0 25 3 27
18 8 21 10
4 23 7 25
12 15 15 17
20 7 31 7
23 4 28 5
0 28 3 30
8 20 11 22
16 12 18 15
26 2 37 2
10 19 21 19
11 18 22 18
29 0 34 1
4 26 7 28
22 8 25 10
0 31 3 33
8 23 11 25
19 12 22 14
12 20 15 22
16 16 21 17
29 3 32 5
4 29 7 31
22 11 33 11
27 6 38 6
0 34 3 36
8 26 11 28
26 8 29 10
12 23 15 25
20 15 31 15
23 12 26 14
35 0 40 1
4 32 7 34
16 20 19 22
33 3 44 3
0 37 3 39
8 29 11 31
12 26 15 28
22 16 27 17
30 8 33 10
33 5 44 5
4 35 7 37
16 23 19 25
27 12 30 14
32 7 43 7
35 4 46 4
0 40 3 42
8 32 11 34
20 20 23 22
38 2 49 2
12 29 15 31
23 18 28 19
41 0 46 1
4 38 7 40
16 26 19 28
34 8 37 10
0 43 3 45
8 35 11 37
20 23 23 25
31 12 34 14
12 32 15 34
24 20 27 22
28 16 33 17
4 41 7 43
16 29 19 31
34 11 45 11
39 6 50 6
0 46 3 48
8 38 11 40
20 26 23 28
38 8 41 10
12 35 15 37
24 23 27 25
29 18 32 20
32 15 43 15
35 12 38 14
47 0 52 1
4 44 5 49
16 32 19 34
28 20 28 31
45 3 56 3
0 49 3 51
8 41 11 43
20 29 23 31
6 44 11 45
12 38 15 40
24 26 27 28
29 21 32 23
34 16 37 18
42 8 45 10
45 5 56 5
16 35 21 36
33 18 33 29
39 12 42 14
44 7 55 7
47 4 58 4
0 52 3 54
6 46 9 48
20 32 23 34
50 2 61 2
12 41 15 43
16 37 19 39
24 29 27 31
29 24 32 26
34 19 37 21
53 0 58 1
4 50 15 50
38 16 41 18
46 8 49 10
0 55 3 57
4 51 7 53
6 49 17 49
43 12 46 14
10 46 13 48
12 44 17 45
16 40 19 42
24 32 29 33
29 27 31 30
34 22 37 24
20 37 23 39
22 35 27 36
38 19 41 21
46 11 57 11
51 6 62 6
0 58 3 60
4 54 7 56
24 34 35 34
42 16 45 18
50 8 53 10
8 51 11 53
16 43 27 43
34 25 37 27
44 15 55 15
47 12 50 14
59 0 64 1
14 46 17 48
20 40 23 42
29 31 40 31
38 22 41 24
57 3 68 3
0 61 3 63
4 57 7 59
24 37 29 38
42 19 45 21
8 54 11 56
18 44 21 46
30 32 35 33
32 30 43 30
34 28 39 29
46 16 49 18
54 8 57 10
57 5 68 5
12 51 15 53
24 39 27 41
28 35 33 36
38 25 41 27
51 12 54 14
56 7 67 7
59 4 70 4
0 64 3 66
4 60 7 62
42 22 45 24
62 2 73 2
8 57 11 59
18 47 21 49
46 19 49 21
65 0 76 0
12 54 15 56
16 50 19 52
22 44 25 46
24 42 35 42
50 16 53 18
58 8 61 10
65 1 76 1
0 67 3 69
4 63 7 65
28 39 31 41
30 37 35 38
42 25 45 27
55 12 58 14
8 60 11 62
36 32 39 34
40 28 45 29
46 22 49 24
12 57 15 59
16 53 19 55
22 47 25 49
34 35 39 36
50 19 53 21
58 11 69 11
0 70 5 71
4 66 7 68
20 50 22 53
26 44 29 46
54 16 56 19
62 8 65 10
8 63 11 65
28 43 39 43
32 39 35 41
46 25 49 27
56 15 67 15
59 12 62 14
0 72 2 75
12 60 15 62
16 56 19 58
40 32 43 34
41 31 52 31
50 22 53 24
66 6 77 6
69 3 80 3
4 69 15 69
23 50 26 52
26 47 31 48
36 37 39 39
57 16 60 18
8 66 11 68
20 54 23 56
30 44 33 46
44 30 55 30
46 28 51 29
54 20 57 22
66 8 69 10
69 5 80 5
3 72 6 74
12 63 15 65
16 59 19 61
26 49 37 49
40 35 43 37
50 25 55 26
63 12 68 13
68 7 79 7
71 4 82 4
0 76 3 78
23 53 34 53
36 40 39 42
44 32 47 34
57 19 68 19
7 70 9 73
20 57 23 59
27 50 30 52
50 27 61 27
54 23 59 24
61 16 64 18
63 14 74 14
77 0 80 2
3 75 14 75
12 66 15 68
16 62 19 64
24 54 27 56
34 44 35 48
40 38 45 39
58 20 61 22
70 8 73 10
0 79 3 81
44 35 49 36
4 76 7 78
10 70 13 72
20 60 23 62
36 44 41 45
40 40 51 40
48 32 51 34
52 28 57 29
7 74 18 74
16 65 19 67
24 57 27 59
31 50 34 52
40 41 45 42
44 37 55 37
56 25 61 26
65 16 68 18
69 12 74 13
70 11 81 11
81 0 84 2
0 82 3 84
28 54 31 56
36 46 41 47
62 20 65 22
74 8 77 10
4 79 7 81
10 73 21 73
20 63 23 65
40 43 51 43
60 23 65 24
68 15 79 15
8 76 11 78
14 70 17 72
16 68 21 69
24 60 27 62
36 48 47 48
46 38 51 39
52 32 55 34
53 31 64 31
78 6 89 6
0 85 3 87
28 57 31 59
35 50 38 52
50 35 55 36
69 16 72 18
85 0 88 2
4 82 7 84
20 66 25 67
32 54 35 56
42 44 47 45
58 28 63 29
66 20 69 22
78 8 81 10
81 5 92 5
83 3 88 4
8 79 11 81
24 63 27 65
38 49 49 49
46 41 51 42
62 25 73 25
75 12 78 14
80 7 91 7
0 88 11 88
12 76 15 78
28 60 31 62
35 53 46 53
42 46 47 47
56 32 59 34
62 26 67 27
0 89 3 91
4 85 7 87
18 71 23 72
32 57 35 59
39 50 42 52
59 30 70 30
66 23 71 24
70 19 75 20
73 16 76 18
89 0 92 2
8 82 11 84
20 70 31 70
22 68 33 68
36 54 39 56
52 38 55 40
82 8 85 10
12 79 15 81
16 75 19 77
22 69 33 69
28 63 31 65
56 35 59 37
70 21 75 22
79 12 82 14
0 92 3 94
26 66 37 66
32 60 35 62
48 44 51 46
60 32 63 34
64 28 69 29
89 3 94 4
4 89 7 91
8 85 11 87
19 74 30 74
26 67 37 67
36 57 39 59
43 50 46 52
52 41 55 43
77 16 80 18
82 11 93 11
93 0 96 2
12 82 17 83
16 78 19 80
40 54 43 56
56 38 59 40
68 26 73 27
86 8 89 10
0 95 3 97
20 75 23 77
22 73 33 73
24 71 35 71
32 63 35 65
48 47 53 48
60 35 63 37
72 23 77 24
76 19 79 21
83 12 88 13
4 92 7 94
12 84 14 87
24 72 35 72
36 60 39 62
52 44 55 46
64 32 67 34
65 31 76 31
81 15 84 17
90 6 101 6
8 89 11 91
16 81 27 81
40 57 43 59
47 50 50 52
56 41 59 43
97 0 102 1
0 98 3 100
20 78 23 80
44 54 47 56
60 38 63 40
70 28 75 29
76 22 87 22
84 14 95 14
90 8 93 10
93 5 104 5
95 3 100 4
4 95 7 97
15 84 18 86
24 75 27 77
36 63 39 65
64 35 67 37
74 25 77 27
80 19 83 21
81 18 92 18
97 2 108 2
8 92 10 95
12 88 15 90
18 82 23 83
40 60 43 62
47 53 58 53
51 49 54 51
56 44 59 46
68 32 71 34
85 15 88 17
0 101 3 103
44 57 47 59
54 47 59 48
60 41 63 43
71 30 82 30
78 23 81 25
89 12 100 12
94 7 97 9
4 98 7 100
15 87 26 87
24 78 27 80
34 68 37 70
48 54 53 55
64 38 67 40
89 13 100 13
11 92 14 94
12 91 23 91
19 84 22 86
28 75 31 77
40 63 43 65
68 35 71 37
84 19 87 21
103 0 114 0
0 104 3 106
8 96 11 98
16 88 19 90
38 66 41 68
44 60 46 63
48 56 51 58
52 52 63 52
55 49 58 51
60 44 63 46
72 32 75 34
76 28 81 29
78 26 83 27
89 15 92 17
94 10 99 11
101 3 106 4
103 1 114 1
4 101 7 103
31 74 42 74
64 41 66 44
82 23 85 25
98 7 101 9
11 95 22 95
24 82 27 84
28 78 31 80
68 38 73 39
0 107 2 110
8 99 11 101
15 92 18 94
32 75 35 77
34 73 45 73
36 71 41 72
38 69 43 70
47 60 50 62
48 59 59 59
60 47 63 49
72 35 75 37
88 19 91 21
4 104 15 104
12 96 15 98
20 88 23 90
23 85 28 86
42 66 45 68
44 64 49 65
52 56 55 58
54 54 59 55
67 41 70 43
68 40 79 40
76 32 79 34
77 31 88 31
93 15 95 18
102 6 105 8
4 105 5 110
64 45 67 47
86 23 89 25
3 107 3 118
8 102 19 102
28 82 39 82
32 78 35 80
59 51 70 51
60 50 71 50
82 28 87 29
84 26 89 27
96 14 99 16
100 10 105 11
105 5 116 5
107 3 112 4
0 111 2 114
6 105 17 105
12 99 15 101
19 92 22 94
28 83 33 84
36 75 39 77
48 63 59 63
51 60 54 62
67 44 78 44
76 35 79 37
92 19 95 21
102 9 113 9
109 2 120 2
6 106 9 108
16 96 19 98
24 88 26 91
46 66 49 68
56 56 59 58
59 53 70 53
64 48 69 49
71 41 76 42
74 38 79 39
80 32 81 37
90 22 93 24
106 6 109 8
32 81 43 81
42 71 47 72
44 69 49 70
68 45 73 46
83 30 94 30
96 17 99 19
101 12 104 14
27 87 30 89
29 85 40 85
36 78 39 80
50 64 53 66
60 54 63 56
71 43 82 43
82 32 83 37
100 14 100 25
0 115 2 118
4 111 7 113
6 109 11 110
16 99 21 100
23 92 26 94
40 75 43 77
55 60 58 62
68 47 79 47
90 25 93 27
115 0 126 0
10 106 13 108
13 103 24 103
20 96 23 98
84 32 87 34
88 28 93 29
94 22 97 24
101 15 104 17
106 10 109 12
110 6 113 8
113 3 118 4
16 101 27 101
27 90 30 92
31 86 34 88
34 83 39 84
43 74 54 74
50 67 53 69
60 57 63 59
105 12 105 23
4 114 7 116
23 95 34 95
40 78 43 80
54 64 57 66
64 54 67 56
66 52 77 52
70 48 75 49
77 41 82 42
80 38 83 40
98 20 98 31
0 119 3 121
8 111 11 113
44 75 47 77
46 73 57 73
48 71 53 72
59 60 62 62
84 35 87 37
94 25 97 27
99 20 99 31
101 18 104 20
106 13 109 15
14 106 25 106
16 104 27 104
24 96 27 98
27 93 32 94
31 89 34 91
50 70 61 70
74 46 85 46
88 32 91 34
110 10 121 10
114 6 117 8
119 1 130 1
4 117 7 119
12 109 14 112
14 107 25 107
22 99 27 100
35 86 38 88
54 67 57 69
64 57 66 60
110 11 112 14
0 122 3 124
8 114 11 116
14 108 25 108
20 102 31 102
40 82 51 82
44 78 47 80
58 64 61 66
68 54 71 56
71 51 82 51
84 38 87 40
94 28 97 29
101 21 104 23
106 16 109 18
117 5 128 5
119 3 130 3
18 105 29 105
31 92 42 92
40 83 45 84
48 75 51 77
60 63 71 63
73 50 84 50
79 44 90 44
88 35 91 37
92 31 95 33
114 9 125 9
119 4 130 4
121 2 132 2
4 120 7 122
15 109 17 112
28 96 31 98
35 89 38 91
63 61 68 62
67 57 70 59
71 53 82 53
76 48 81 49
83 41 86 43
113 11 115 14
118 6 121 8
0 125 3 127
8 117 11 119
12 113 14 116
39 86 42 88
44 81 55 81
54 71 59 72
58 67 61 69
101 24 103 27
106 19 109 21
110 15 113 17
33 93 38 94
41 85 52 85
48 78 51 80
62 64 65 66
72 54 75 56
88 38 91 40
92 34 95 36
96 30 97 35
100 26 100 37
4 123 7 125
18 109 21 111
28 99 31 101
52 75 55 77
80 47 91 47
116 11 117 16
127 0 138 0
0 128 3 130
8 120 11 122
15 113 18 115
25 103 36 103
32 96 35 98
39 89 42 91
68 60 79 60
71 57 74 59
87 41 90 43
104 24 107 26
106 22 111 23
110 18 113 20
122 6 125 8
12 117 15 119
43 86 46 88
46 83 51 84
55 74 66 74
62 67 65 69
84 45 95 45
92 37 95 39
101 28 104 30
114 15 115 20
118 11 121 13
4 126 7 128
18 112 29 112
35 95 46 95
52 78 55 80
66 64 71 65
69 61 74 62
76 54 79 56
78 52 89 52
82 48 87 49
98 32 99 37
0 131 3 133
8 123 11 125
15 116 26 116
22 109 27 110
32 99 35 101
56 75 59 77
58 73 69 73
60 71 65 72
104 27 115 27
110 21 121 21
12 120 15 122
19 113 22 115
26 106 29 108
28 104 39 104
36 96 41 97
39 93 44 94
43 89 45 92
62 70 73 70
66 66 69 68
75 57 80 58
86 46 97 46
91 41 94 43
92 40 103 40
101 31 104 33
108 24 111 26
118 14 121 16
122 10 125 12
126 6 129 8
131 1 142 1
4 129 7 131
16 117 19 119
22 111 33 111
47 86 50 88
105 28 108 30
116 17 119 19
0 134 5 135
8 126 10 129
32 102 43 102
36 98 39 100
52 82 55 84
56 78 59 80
75 59 86 59
80 54 83 56
83 51 94 51
112 22 115 24
129 5 140 5
131 3 136 4
12 123 15 125
30 105 32 108
46 89 49 91
60 75 63 77
66 69 77 69
72 63 75 65
85 50 96 50
96 39 107 39
97 38 108 38
101 34 104 36
122 13 125 15
126 9 129 11
133 2 144 2
0 136 3 138
4 132 9 133
16 120 19 122
23 113 26 115
70 66 73 68
75 61 80 62
83 53 94 53
88 48 99 48
95 41 98 43
105 31 107 34
116 20 127 20
130 6 133 8
11 126 14 128
20 117 31 117
28 109 33 110
36 101 47 101
51 86 54 88
56 81 61 82
66 71 71 72
88 49 99 49
93 44 104 44
109 28 110 33
112 25 117 26
120 17 123 19
8 130 13 131
20 118 31 118
33 105 36 107
40 98 43 100
42 96 47 97
45 93 50 94
53 85 64 85
60 78 63 80
81 57 86 58
84 54 95 54
101 37 112 37
116 22 119 24
122 16 133 16
126 12 129 14
0 139 3 141
16 123 19 125
20 119 23 121
50 89 53 91
56 83 61 84
64 75 67 77
76 63 79 65
92 47 103 47
111 28 116 29
130 9 133 11
139 0 150 0
4 136 7 138
6 134 11 135
27 113 30 115
37 103 48 103
74 66 77 68
80 60 91 60
84 56 95 56
99 41 102 43
105 35 110 36
134 6 136 9
137 3 142 4
15 126 17 129
33 108 44 108
55 86 58 88
67 74 78 74
86 55 97 55
96 45 107 45
111 30 114 32
124 17 127 19
126 15 137 15
0 142 3 144
10 132 15 133
20 122 23 124
30 112 41 112
37 105 40 107
44 98 49 99
47 95 58 95
64 78 69 79
81 61 84 63
90 52 101 52
108 34 119 34
120 22 122 25
130 12 133 14
4 139 15 139
24 119 29 120
27 116 38 116
34 109 37 111
51 92 54 94
54 89 57 91
62 81 65 83
68 75 71 77
70 73 81 73
72 71 77 72
116 27 127 27
122 21 133 21
137 6 140 8
4 140 5 145
8 136 11 138
14 130 19 131
18 126 21 128
31 113 34 115
40 104 51 104
44 100 55 100
48 96 53 97
64 80 75 80
78 66 81 68
80 64 85 65
87 57 90 59
98 46 109 46
103 41 106 43
104 40 115 40
111 33 122 33
118 26 129 26
134 10 137 12
143 1 154 1
0 145 3 147
20 125 31 125
24 121 26 124
59 86 62 88
115 30 118 32
117 28 128 28
128 17 131 19
6 140 9 142
12 134 15 136
41 105 44 107
44 102 55 102
62 84 73 84
85 61 88 63
95 51 106 51
111 35 122 35
117 29 128 29
123 23 128 24
124 22 135 22
137 9 148 9
141 5 144 7
143 3 148 4
38 109 41 111
55 92 58 94
58 89 61 91
66 81 69 83
72 75 75 77
78 69 89 69
97 50 108 50
108 39 119 39
109 38 120 38
111 36 122 36
134 13 139 14
145 2 156 2
0 148 3 150
16 132 19 134
22 126 25 128
27 121 30 123
50 98 55 99
70 78 75 79
78 70 83 71
82 66 87 67
91 57 94 59
95 53 106 53
100 48 105 49
107 41 110 43
123 25 134 25
128 20 139 20
138 10 141 12
6 143 9 145
12 137 17 138
20 129 23 131
30 119 35 120
32 117 37 118
35 114 46 114
48 101 59 101
63 86 66 88
105 44 116 44
119 30 122 32
132 17 135 19
141 8 152 8
4 146 7 148
10 140 13 142
35 115 46 115
37 113 48 113
45 105 47 108
54 96 59 97
65 85 76 85
78 72 89 72
86 64 91 65
89 61 92 63
96 54 107 54
113 37 124 37
134 16 145 16
145 5 148 7
0 151 3 153
16 135 21 136
27 124 38 124
42 109 45 111
59 92 64 93
62 89 65 91
70 81 73 83
76 75 78 78
104 47 115 47
151 0 162 0
20 132 23 134
26 126 29 128
31 121 34 123
49 103 60 103
92 60 103 60
95 57 98 59
96 56 107 56
111 41 114 43
129 23 134 24
142 10 145 12
149 3 152 5
4 149 6 152
10 143 13 145
24 129 27 131
48 105 50 108
59 94 64 95
67 86 70 88
79 74 82 76
108 45 119 45
123 30 126 32
136 17 139 19
138 15 149 15
140 13 145 14
0 154 3 156
8 146 11 148
14 140 17 142
42 112 53 112
56 98 59 100
84 70 89 71
88 66 93 67
93 61 96 63
99 55 110 55
102 52 113 52
106 48 111 49
120 34 131 34
16 139 27 139
18 137 29 137
36 119 39 121
38 117 49 117
39 116 50 116
46 109 49 111
66 89 69 91
74 81 77 83
76 79 81 80
82 73 93 73
128 27 139 27
149 6 154 7
7 149 10 151
18 138 29 138
24 132 27 134
30 126 33 128
51 105 54 107
52 104 63 104
60 96 63 98
79 77 84 78
92 64 97 65
99 57 102 59
110 46 121 46
115 41 118 43
116 40 127 40
130 26 141 26
146 10 149 12
153 3 156 5
155 1 166 1
0 157 3 159
4 153 7 155
14 143 17 145
22 135 27 136
28 129 33 130
32 125 43 125
35 122 40 123
65 92 68 94
71 86 74 88
83 74 86 76
127 30 132 31
129 28 134 29
136 21 138 24
140 17 143 19
12 146 15 148
18 140 21 142
40 118 42 121
56 102 67 102
74 84 85 84
90 68 93 70
97 61 100 63
107 51 118 51
149 9 160 9
7 152 18 152
28 131 31 133
50 109 53 111
51 108 62 108
60 99 63 101
70 89 73 91
78 81 81 83
109 50 120 50
120 39 131 39
121 38 132 38
146 13 151 14
157 2 160 4
0 160 3 162
4 156 7 158
11 149 14 151
34 126 37 128
55 105 58 107
64 96 67 98
65 95 76 95
94 66 97 68
103 57 106 59
107 53 118 53
112 48 117 49
119 41 121 44
135 25 146 25
139 21 141 24
140 20 151 20
150 10 153 12
8 153 11 155
18 143 21 145
43 118 48 119
47 114 52 115
69 92 72 94
75 86 86 86
82 79 85 81
87 74 90 76
90 71 95 72
125 36 130 37
129 32 134 33
144 17 147 19
153 8 164 8
155 6 160 7
16 146 19 148
22 140 25 142
28 134 31 136
49 113 60 113
85 77 90 78
98 64 101 66
101 61 104 63
108 54 119 54
127 35 138 35
146 16 157 16
157 5 168 5
0 163 3 165
4 159 7 161
32 131 37 132
34 129 45 129
39 124 50 124
41 122 46 123
43 120 48 121
54 109 57 111
64 99 67 101
74 89 77 91
75 88 86 88
78 85 89 85
94 69 99 70
116 47 127 47
122 41 127 42
133 30 138 31
142 21 145 23
161 2 166 3
163 0 174 0
8 156 11 158
15 149 18 151
34 130 45 130
38 126 41 128
59 105 64 106
61 103 72 103
68 96 71 98
82 82 87 83
104 60 115 60
107 57 110 59
108 56 119 56
135 29 146 29
154 10 157 12
12 153 17 154
22 143 25 145
32 133 35 135
73 92 76 94
86 79 91 80
91 74 94 76
98 67 103 68
120 45 131 45
122 43 127 44
148 17 153 18
150 15 161 15
152 13 157 14
161 4 172 4
0 166 3 168
4 162 7 164
20 146 23 148
26 140 29 142
54 112 65 112
59 107 70 107
79 87 90 87
102 64 105 66
105 61 110 62
111 55 122 55
114 52 125 52
118 48 123 49
132 34 143 34
142 24 153 24
8 159 11 161
12 155 14 158
28 139 39 139
30 137 35 138
49 118 52 120
50 117 61 117
51 116 62 116
53 114 58 115
58 109 69 109
68 99 71 101
78 89 81 91
86 81 97 81
94 73 105 73
131 36 136 37
140 27 145 28
146 21 149 23
148 19 159 19
161 6 166 7
19 149 22 151
32 136 43 136
42 126 45 128
58 110 63 111
72 96 75 98
91 77 96 78
96 72 107 72
97 71 108 71
105 63 116 63
111 57 114 59
122 46 133 46
128 40 131 42
142 26 153 26
158 10 161 12
167 1 178 1
0 169 3 171
4 165 7 167
26 143 29 145
36 133 39 135
38 131 43 132
44 125 55 125
47 122 52 123
65 104 68 106
77 92 80 94
95 74 98 76
100 69 105 70
139 30 142 32
8 162 11 164
15 155 18 157
24 146 27 148
30 140 33 142
68 102 79 102
86 84 97 84
88 82 93 83
106 64 107 69
119 51 130 51
161 9 172 9
167 3 178 3
12 159 15 161
18 153 23 154
53 118 56 120
63 108 74 108
72 99 77 100
82 89 85 91
92 79 97 80
121 50 132 50
128 43 133 44
132 39 135 41
133 38 144 38
150 21 153 23
154 17 159 18
158 13 163 14
169 2 180 2
0 172 3 174
4 168 7 170
20 152 31 152
23 149 26 151
46 126 49 128
76 96 79 98
108 64 113 65
111 61 116 62
115 57 120 58
119 53 130 53
124 48 129 49
147 25 158 25
162 10 165 12
8 165 11 167
15 158 26 158
30 143 32 146
36 137 41 138
40 133 43 135
59 114 64 115
72 101 83 101
81 92 84 94
87 86 98 86
99 74 102 76
137 36 142 37
143 30 146 32
146 27 151 28
165 8 176 8
167 6 172 7
12 162 15 164
19 155 22 157
34 140 37 142
61 113 72 113
64 110 69 111
69 105 74 106
70 104 81 104
97 77 102 78
108 66 111 68
132 42 143 42
154 20 157 22
158 16 169 16
169 5 180 5
0 175 3 177
4 171 7 173
16 159 19 161
28 147 31 149
44 131 47 133
46 129 51 130
51 124 62 124
53 122 64 122
57 118 60 120
80 95 83 97
86 89 89 91
87 88 98 88
90 85 101 85
116 59 121 60
128 47 139 47
136 39 139 41
142 33 153 33
8 168 11 170
33 143 36 145
50 126 53 128
73 103 84 103
94 82 99 83
120 56 131 56
147 29 150 31
166 10 169 12
176 0 187 0
12 165 15 167
24 153 27 155
27 150 32 151
78 99 83 100
85 92 88 94
98 79 101 81
103 74 105 77
108 69 113 70
123 54 128 55
132 45 143 45
134 43 139 44
154 23 159 24
160 17 163 19
162 15 173 15
164 13 169 14
173 4 184 4
0 178 3 180
4 174 7 176
16 162 19 164
38 140 41 142
44 134 46 137
57 121 68 121
66 112 77 112
71 107 82 107
80 98 91 98
91 87 102 87
112 66 115 68
114 64 119 65
117 61 120 63
121 57 126 58
126 52 137 52
130 48 135 49
143 35 148 36
144 34 155 34
158 20 161 22
8 171 11 173
20 159 23 161
23 156 28 157
32 147 43 147
33 146 44 146
40 139 51 139
48 131 51 133
56 123 67 123
61 118 64 120
62 117 73 117
63 116 74 116
65 114 70 115
70 109 73 111
84 95 87 97
90 89 93 91
106 73 109 75
140 39 143 41
147 32 158 32
152 27 155 29
173 6 178 7
12 168 15 170
32 148 37 149
37 143 40 145
42 138 53 138
54 126 57 128
75 105 80 106
108 72 119 72
109 71 120 71
134 46 145 46
143 37 154 37
154 26 165 26
170 10 173 12
0 181 3 183
4 177 7 179
16 165 19 167
28 153 31 155
47 134 50 136
52 129 55 131
56 125 67 125
89 92 92 94
102 79 105 81
103 78 114 78
122 59 125 61
151 30 156 31
164 17 167 19
8 174 11 176
20 162 23 164
42 140 44 143
98 84 109 84
100 82 111 82
106 76 111 77
116 66 119 68
121 61 121 72
131 51 142 51
162 20 165 22
173 9 184 9
179 3 190 3
12 171 15 173
24 159 27 161
33 150 36 152
65 118 70 119
74 109 79 110
75 108 86 108
84 99 87 101
88 95 91 97
94 89 97 91
100 83 111 83
110 73 113 75
129 54 134 55
133 50 144 50
140 43 145 44
144 39 147 41
145 38 156 38
156 27 159 29
160 23 163 25
170 13 175 14
0 184 3 186
4 180 7 182
16 168 19 170
32 152 32 163
47 137 58 137
52 132 55 134
58 126 61 128
115 69 120 70
122 62 125 64
127 57 130 59
131 53 142 53
136 48 141 49
149 35 154 36
174 10 177 12
8 177 13 178
20 165 23 167
29 156 31 159
41 144 52 144
45 140 48 142
56 129 59 131
71 114 76 115
93 92 98 93
99 86 110 86
106 79 109 81
168 17 171 19
177 8 188 8
179 6 184 7
12 174 15 176
24 162 27 164
28 158 28 169
33 153 36 155
38 148 41 150
51 135 62 135
73 113 84 113
75 111 86 111
81 105 86 106
82 104 93 104
126 60 129 62
144 42 155 42
166 20 169 22
170 16 181 16
181 5 192 5
0 187 3 189
4 183 7 185
8 179 11 181
16 171 19 173
42 145 53 145
51 136 62 136
63 124 74 124
65 122 76 122
67 120 78 120
85 102 90 103
88 99 91 101
92 95 95 97
98 89 101 91
99 88 110 88
114 73 117 75
122 65 125 67
140 47 151 47
148 39 151 41
154 33 165 33
157 30 162 31
160 27 163 29
164 23 167 25
20 168 23 170
37 151 40 153
45 143 56 143
56 132 59 134
62 126 65 128
94 94 105 94
103 85 114 85
112 76 117 77
131 57 134 59
132 56 143 56
178 10 181 12
188 0 191 2
24 165 27 167
29 160 31 163
33 156 36 158
49 140 52 142
60 129 63 131
71 118 82 118
80 109 85 110
110 79 113 81
126 63 131 64
135 54 140 55
144 45 155 45
146 43 151 44
172 17 175 19
174 15 185 15
176 13 181 14
185 4 196 4
0 190 3 192
4 186 7 188
8 182 11 184
16 174 19 176
42 148 47 149
69 121 80 121
78 112 89 112
83 107 94 107
92 98 95 100
103 87 114 87
122 68 124 71
130 60 133 62
138 52 149 52
142 48 147 49
155 35 158 37
156 34 167 34
170 20 173 22
12 179 15 181
14 177 19 178
20 171 23 173
37 154 40 156
44 147 55 147
45 146 56 146
52 139 63 139
68 123 79 123
75 116 80 117
77 114 82 115
96 95 99 97
99 92 104 93
102 89 105 91
118 73 120 76
126 65 129 67
152 39 157 40
164 27 167 29
168 23 171 25
185 6 190 7
24 168 27 170
33 159 36 161
41 151 44 153
42 150 53 150
54 138 65 138
60 132 63 134
66 126 69 128
87 105 92 106
135 57 138 59
146 46 157 46
166 26 177 26
182 10 185 12
192 0 195 2
0 193 5 194
4 189 7 191
8 185 11 187
29 164 32 166
53 140 56 142
64 129 67 131
91 102 96 103
92 101 103 101
114 79 115 84
115 78 126 78
125 68 128 70
163 30 166 32
176 17 179 19
12 182 13 187
20 174 31 174
37 157 40 159
69 125 80 125
75 119 86 119
121 73 124 75
122 72 133 72
134 60 137 62
153 41 164 41
159 35 162 37
174 20 177 22
185 9 196 9
191 3 199 3
0 195 11 195
16 179 19 181
20 175 31 175
24 171 27 173
33 162 35 165
41 154 44 156
86 109 91 110
87 108 98 108
96 99 101 100
100 95 103 97
106 89 109 91
116 79 119 81
118 77 129 77
130 65 133 67
132 63 137 64
141 54 146 55
145 50 150 51
152 43 157 44
157 38 168 38
168 27 170 30
172 23 175 25
182 13 187 14
0 196 11 196
4 192 15 192
8 188 11 190
14 182 17 184
20 176 31 176
29 167 32 169
45 151 48 153
48 148 53 149
59 137 70 137
64 132 67 134
70 126 73 128
125 71 136 71
139 57 142 59
148 48 159 48
186 10 189 12
196 0 199 2
0 197 5 198
20 177 31 177
37 160 40 162
53 144 64 144
57 140 60 142
68 129 71 131
81 116 92 116
83 114 88 115
105 92 110 93
111 86 122 86
121 76 132 76
129 68 132 70
144 53 155 53
148 49 159 49
158 39 163 40
180 17 183 19
191 6 194 8
20 178 23 180
28 170 31 172
36 162 36 173
41 157 44 159
63 135 68 136
81 117 92 117
85 113 96 113
87 111 98 111
93 105 98 106
94 104 105 104
100 98 111 98
116 82 119 84
125 73 128 75
138 60 141 62
163 35 166 37
167 31 172 32
171 27 174 29
178 20 181 22
0 199 1 204
6 193 11 194
8 191 19 191
14 185 17 187
33 166 34 171
45 154 48 156
54 145 65 145
75 124 86 124
77 122 88 122
97 102 108 102
104 95 107 97
110 89 121 89
111 88 122 88
120 79 123 81
134 65 139 66
152 47 163 47
176 23 179 25
12 188 15 190
18 182 21 184
37 163 40 165
49 151 52 153
57 143 68 143
68 132 71 134
74 126 77 128
97 103 108 103
106 94 117 94
115 85 126 85
143 57 145 60
144 56 155 56
158 42 161 44
184 16 187 18
190 10 193 12
195 5 198 7
2 199 5 201
20 181 31 181
35 166 35 177
41 160 44 162
61 140 64 142
72 129 75 131
83 118 94 118
92 109 97 110
102 99 107 100
110 91 121 91
133 68 136 70
134 67 145 67
138 63 143 64
147 54 152 55
151 50 156 51
156 45 167 45
168 33 171 35
171 30 182 30
186 15 197 15
188 13 193 14
24 178 27 180
32 170 32 181
45 157 48 159
54 148 57 150
81 121 92 121
90 112 101 112
95 107 106 107
115 87 126 87
120 82 123 84
129 73 140 73
150 52 161 52
175 27 178 29
182 20 185 22
6 197 9 199
18 185 21 187
37 166 40 168
49 154 54 155
56 147 67 147
57 146 68 146
64 139 75 139
80 123 91 123
89 114 94 115
108 95 111 97
111 92 122 92
124 79 127 81
129 74 134 75
142 61 147 62
146 57 151 58
164 39 169 40
167 36 172 37
180 23 183 25
184 19 195 19
199 4 199 15
2 202 5 204
16 188 19 190
22 182 25 184
41 163 44 165
53 151 56 153
66 138 77 138
72 132 75 134
78 126 81 128
99 105 104 106
111 93 122 93
162 42 173 42
173 31 176 33
178 26 189 26
188 16 191 18
194 10 197 12
0 205 3 207
12 193 15 195
33 172 34 177
45 160 48 162
49 156 52 158
65 140 68 142
69 136 80 136
76 129 79 131
85 120 96 120
104 101 115 101
127 78 138 78
137 68 140 70
140 65 145 66
146 59 157 59
6 200 9 202
28 178 31 180
37 169 40 171
58 148 59 153
81 125 92 125
87 119 98 119
124 82 127 84
134 72 145 72
146 60 157 60
160 46 171 46
162 44 173 44
163 43 174 43
172 34 177 35
179 27 182 29
186 20 189 22
198 8 198 19
10 197 12 200
22 185 25 187
41 166 44 168
72 135 83 135
98 109 103 110
99 108 110 108
108 99 113 100
112 95 115 97
128 79 131 81
144 63 149 64
153 54 158 55
157 50 162 51
166 41 177 41
169 38 180 38
184 23 189 24
0 208 3 210
12 196 23 196
16 192 18 195
20 188 23 190
26 182 29 184
45 163 48 165
49 159 52 161
57 151 57 162
60 148 62 151
71 137 82 137
76 132 79 134
82 126 85 128
160 48 165 49
177 31 180 33
192 16 195 18
4 205 7 207
6 203 11 204
37 172 39 175
53 156 56 158
65 144 76 144
69 140 72 142
80 129 83 131
93 116 98 117
123 86 134 86
135 74 138 76
141 68 144 70
152 57 157 58
156 53 167 53
170 39 181 39
173 36 178 37
184 25 195 25
13 197 16 199
36 174 36 185
41 169 44 171
95 115 106 115
97 113 102 114
99 111 110 111
105 105 110 106
106 104 117 104
112 98 123 98
128 82 131 84
148 62 159 62
170 40 181 40
183 27 186 29
190 20 193 22
0 211 3 213
10 201 15 202
19 192 21 195
20 191 31 191
26 185 29 187
33 178 35 181
45 166 48 168
49 162 52 164
63 148 66 150
66 145 77 145
87 124 98 124
89 122 100 122
109 102 114 103
116 95 119 97
122 89 125 91
123 88 134 88
132 79 137 80
134 77 145 77
146 65 149 67
164 47 175 47
4 208 7 210
24 188 27 190
30 182 33 184
40 172 43 174
53 159 56 161
58 154 61 156
60 152 65 153
69 143 80 143
80 132 83 134
86 126 89 128
118 94 129 94
127 85 138 85
151 61 162 61
156 56 167 56
178 34 183 35
181 31 184 33
196 16 196 27
8 205 11 207
13 200 24 200
37 176 40 178
73 140 76 142
84 129 87 131
95 118 106 118
104 109 109 110
114 99 119 100
139 74 142 76
145 68 147 71
150 63 153 65
159 54 164 55
163 50 166 52
168 45 179 45
183 30 194 30
190 23 195 24
197 16 197 27
0 214 3 216
17 197 20 199
22 192 25 194
45 169 48 171
49 165 52 167
63 151 74 151
102 112 113 112
107 107 118 107
127 87 138 87
132 82 137 83
166 48 177 48
187 27 190 29
4 211 7 213
12 203 14 206
30 185 33 187
53 162 56 164
58 157 61 159
67 148 70 150
68 147 79 147
69 146 80 146
92 123 103 123
99 116 110 116
120 95 123 97
123 92 128 93
126 89 131 90
158 57 161 59
166 49 177 49
179 36 184 37
199 16 199 27
8 208 11 210
28 188 31 190
34 182 34 193
37 179 39 182
41 175 44 177
44 172 47 174
62 154 65 156
77 139 80 141
78 138 89 138
84 132 87 134
90 126 93 128
103 113 108 114
111 105 116 106
132 84 143 84
143 73 146 75
148 68 151 70
150 66 155 67
174 42 185 42
185 31 188 33
0 217 3 219
16 201 19 203
22 195 33 195
49 168 52 170
81 136 92 136
88 129 91 131
97 120 102 121
100 117 111 117
115 102 120 103
116 101 127 101
126 91 137 91
138 79 141 81
139 78 150 78
154 63 157 65
167 50 170 52
191 26 194 28
4 214 6 217
15 203 15 214
21 197 24 199
26 192 29 194
53 165 56 167
58 160 61 162
66 152 69 154
93 125 104 125
99 119 110 119
146 72 157 72
158 60 169 60
172 46 183 46
174 44 185 44
175 43 186 43
184 34 189 35
8 211 13 212
12 207 14 210
35 184 35 195
40 179 43 181
41 178 52 178
62 157 65 159
71 148 74 150
77 142 88 142
84 135 95 135
110 109 115 110
111 108 122 108
120 99 125 100
124 95 127 97
148 71 159 71
162 57 167 58
165 54 170 55
178 41 189 41
181 38 192 38
0 220 3 222
16 204 19 206
37 183 40 185
45 175 48 177
48 172 51 174
49 171 60 171
57 163 60 165
81 139 84 141
83 137 94 137
88 132 91 134
94 126 97 128
138 82 149 82
147 73 152 74
152 68 155 70
189 31 192 33
7 214 10 216
20 201 23 203
25 196 28 198
53 168 58 169
66 155 69 157
77 144 88 144
92 129 95 131
129 92 134 93
132 89 137 90
135 86 146 86
138 83 149 83
142 79 145 81
158 63 161 65
162 59 173 59
168 53 179 53
171 50 174 52
182 39 187 40
185 36 190 37
198 23 198 34
4 218 7 220
30 192 33 194
36 186 39 188
62 160 67 161
70 152 75 153
107 115 118 115
109 113 114 114
111 111 122 111
117 105 122 106
118 104 129 104
124 98 135 98
146 76 151 77
147 75 158 75
156 66 159 68
160 62 171 62
0 223 3 225
16 207 18 210
41 182 43 185
44 179 47 181
75 148 77 151
78 145 89 145
99 124 110 124
101 122 112 122
103 120 108 121
121 102 126 103
128 95 131 97
135 88 146 88
176 47 187 47
195 28 197 31
7 217 18 217
11 213 14 215
20 204 23 206
25 199 28 201
49 175 52 177
52 172 55 174
57 167 68 167
61 163 64 165
62 162 73 162
66 158 71 159
70 154 81 154
81 143 92 143
85 139 88 141
92 132 95 134
98 126 101 128
130 94 141 94
139 85 150 85
163 61 174 61
168 56 171 58
190 34 195 35
4 221 7 223
24 201 24 212
29 196 32 198
36 189 39 191
96 129 99 131
107 118 118 118
116 109 121 110
126 99 131 100
146 79 149 81
156 69 167 69
162 63 165 65
171 54 176 55
175 50 178 52
180 45 191 45
193 32 197 33
0 226 3 228
8 218 11 220
19 207 22 209
40 186 43 188
44 182 47 184
70 156 81 156
78 148 81 150
114 112 125 112
119 107 130 107
139 87 150 87
153 73 158 74
160 66 163 68
178 48 189 48
11 216 22 216
16 211 19 213
25 202 26 207
48 179 51 181
59 168 64 169
61 166 72 166
70 157 81 157
80 147 91 147
81 146 92 146
104 123 115 123
132 95 135 97
135 92 146 92
138 89 143 90
178 49 189 49
188 39 193 40
191 36 196 37
199 28 199 39
4 224 9 225
29 199 32 201
34 194 34 205
36 192 39 194
53 175 56 177
56 172 61 173
65 163 68 165
68 160 73 161
76 152 81 153
89 139 92 141
90 138 101 138
96 132 99 134
102 126 107 127
115 113 126 113
123 105 128 106
135 93 146 93
144 84 155 84
152 76 157 77
172 56 175 58
186 42 197 42
0 229 3 231
8 221 11 223
27 202 29 205
40 189 43 191
44 185 47 187
93 136 104 136
100 129 103 131
109 120 114 121
112 117 123 117
115 114 126 114
127 102 132 103
128 101 139 101
150 79 153 81
151 78 162 78
166 63 169 65
179 50 190 50
4 226 9 227
12 218 13 223
15 215 26 215
20 210 23 212
48 182 51 184
56 174 67 174
72 158 83 158
79 151 90 151
102 128 113 128
105 125 116 125
111 119 122 119
158 72 169 72
164 66 167 68
170 60 181 60
184 46 195 46
186 44 197 44
187 43 198 43
35 196 38 198
36 195 47 195
52 179 55 181
53 178 64 178
72 159 83 159
76 155 87 155
82 149 87 150
89 142 100 142
96 135 107 135
115 116 126 116
123 108 126 110
132 99 137 100
136 95 139 97
160 71 171 71
177 54 180 56
179 52 190 52
0 232 3 234
4 228 7 230
14 218 17 220
30 202 33 204
40 192 43 194
44 188 47 190
57 175 60 177
61 171 72 171
69 163 74 164
84 148 95 148
93 139 96 141
95 137 106 137
100 132 103 134
150 82 155 83
159 73 162 75
162 70 173 70
181 51 192 51
194 38 197 40
20 213 25 214
25 208 28 210
27 206 32 207
48 185 51 187
65 168 68 170
89 144 100 144
104 129 107 131
142 91 153 91
144 89 149 90
147 86 158 86
154 79 157 81
170 63 173 65
174 59 185 59
176 57 187 57
10 224 13 226
35 199 38 201
52 182 55 184
62 172 67 173
69 165 80 165
74 160 77 162
82 152 85 154
108 126 113 127
119 115 130 115
123 111 134 111
129 105 134 106
136 98 147 98
158 76 163 77
168 66 173 67
172 62 183 62
176 58 187 58
181 53 184 55
0 235 3 237
4 231 7 233
14 221 16 224
39 196 42 198
44 191 47 193
56 179 59 181
90 145 101 145
111 124 122 124
115 120 118 122
127 108 130 110
133 102 136 104
140 95 143 97
147 88 158 88
188 47 199 47
8 228 13 229
18 218 21 220
19 217 30 217
25 211 30 212
48 188 51 190
61 175 64 177
69 167 72 169
93 143 104 143
97 139 100 141
104 132 107 134
142 94 153 94
151 85 162 85
163 73 166 75
168 68 173 69
175 61 186 61
29 208 32 210
35 202 38 204
52 185 55 187
88 149 93 150
108 129 111 131
119 118 130 118
138 99 143 100
158 79 161 81
174 63 177 65
181 56 192 56
0 238 3 240
4 234 7 236
8 230 11 232
17 221 20 223
39 199 42 201
44 194 55 194
56 182 59 184
75 163 80 164
78 160 81 162
82 156 87 157
86 152 89 154
126 112 137 112
131 107 134 109
151 87 162 87
156 82 159 84
185 53 188 55
190 48 195 49
14 225 17 227
23 216 34 216
26 213 37 213
33 206 36 208
43 196 46 198
48 191 51 193
60 179 63 181
69 170 80 170
73 166 76 168
92 147 103 147
93 146 104 146
116 123 127 123
119 120 122 122
137 102 139 105
144 95 147 97
147 92 152 93
150 89 155 90
22 218 25 220
35 205 46 205
52 188 57 189
65 175 68 177
68 172 71 174
101 139 106 140
102 138 113 138
108 132 111 134
114 126 117 128
127 113 132 114
135 105 136 110
164 76 167 78
167 73 170 75
174 66 177 68
0 241 3 243
4 237 5 242
8 233 11 235
17 224 28 224
27 214 32 215
39 202 42 204
56 185 59 187
105 136 116 136
112 129 115 131
124 117 135 117
140 101 143 103
162 79 165 81
178 63 181 65
12 230 15 232
14 228 19 229
21 221 24 223
31 211 36 212
33 209 44 209
43 199 46 201
52 190 54 193
60 182 63 184
73 169 84 169
82 160 85 162
84 158 89 159
90 152 95 153
91 151 102 151
101 141 112 141
117 125 128 125
123 119 126 121
160 82 163 84
170 72 181 72
189 53 192 55
6 237 9 239
18 225 23 226
33 210 44 210
37 206 40 208
47 196 50 198
48 195 59 195
64 179 67 181
65 178 76 178
77 166 80 168
88 155 99 155
94 149 99 150
101 142 112 142
108 135 119 135
127 116 138 116
137 106 140 108
144 99 147 101
148 95 151 97
172 71 183 71
174 69 179 70
183 60 194 60
191 52 199 52
0 244 3 246
26 218 29 220
69 175 72 177
72 172 75 174
73 171 84 171
81 163 84 165
88 156 93 157
90 154 101 154
107 137 118 137
112 132 115 134
118 126 121 128
140 104 145 105
168 76 171 78
171 73 174 75
178 66 181 68
194 50 199 51
196 48 199 49
12 233 15 235
18 227 29 227
43 202 46 204
55 190 58 192
60 185 63 187
101 144 112 144
116 129 119 131
123 122 134 122
153 92 164 92
154 91 165 91
156 89 161 90
166 79 169 81
182 63 185 65
186 59 197 59
188 57 193 58
6 240 9 242
10 236 13 238
16 230 27 230
25 221 28 223
47 199 50 201
58 188 63 189
64 182 67 184
86 160 87 165
107 139 112 140
127 119 130 121
133 113 136 115
137 109 142 110
144 102 149 103
148 98 151 100
153 93 164 93
164 82 167 84
184 62 195 62
193 53 196 55
0 247 3 249
4 243 7 245
16 231 19 233
33 214 38 215
41 206 44 208
51 196 54 198
68 179 70 182
81 166 84 168
102 145 113 145
123 124 134 124
141 106 146 107
152 95 155 97
159 88 170 88
30 218 33 220
31 217 42 217
37 211 48 211
55 193 66 193
73 175 76 177
76 172 79 174
85 163 85 174
88 160 90 163
90 158 95 159
96 152 101 153
100 148 103 150
105 143 116 143
116 132 119 134
122 126 123 131
137 111 148 111
154 94 165 94
162 86 173 86
163 85 174 85
172 76 175 78
175 73 178 75
182 66 185 68
187 61 198 61
10 239 13 241
20 229 31 229
21 228 32 228
24 225 29 226
37 212 48 212
47 202 49 205
59 190 70 190
64 185 67 187
120 129 120 140
131 118 134 120
141 108 152 108
148 101 159 101
170 79 173 81
180 69 191 69
186 63 189 65
4 246 7 248
14 236 17 238
16 234 21 235
29 221 31 224
51 199 54 201
56 194 67 194
59 191 70 191
71 179 74 181
94 156 99 157
124 126 129 127
137 113 140 115
138 112 149 112
146 104 157 104
152 98 155 100
163 87 174 87
168 82 171 84
194 56 197 58
197 53 199 55
8 243 11 245
20 231 23 233
35 216 46 216
38 213 49 213
45 206 48 208
55 196 58 198
68 183 71 185
91 160 94 162
104 147 107 149
105 146 116 146
156 95 159 97
162 89 173 89
10 242 21 242
34 218 37 220
50 202 53 204
64 188 69 189
77 175 80 177
80 172 83 174
86 166 89 168
88 164 93 165
113 139 118 140
124 128 127 130
131 121 142 121
143 109 148 110
147 105 150 107
150 102 161 102
162 90 173 90
176 76 179 78
179 73 182 75
186 66 189 68
4 249 15 249
14 239 17 241
32 221 37 222
39 214 44 215
121 132 124 134
135 118 138 120
136 117 147 117
150 103 161 103
174 79 177 81
183 70 194 70
190 63 193 65
8 246 11 248
18 236 21 238
45 209 50 210
55 199 58 201
68 186 73 187
72 182 75 184
75 179 78 181
96 158 99 160
102 152 105 154
103 151 114 151
104 150 115 150
129 125 140 125
141 113 144 115
156 98 159 100
172 82 175 84
182 72 193 72
12 243 15 245
24 231 27 233
30 225 33 227
32 223 37 224
49 206 52 208
50 205 61 205
59 196 62 198
60 195 71 195
77 178 88 178
86 169 89 171
95 160 95 171
100 155 103 157
108 147 111 149
114 141 125 141
124 131 135 131
139 116 150 116
160 95 163 97
184 71 195 71
199 56 199 67
22 234 25 236
38 218 41 220
54 202 59 203
64 192 75 192
81 175 84 177
90 166 93 168
121 135 124 137
128 128 131 130
130 126 135 127
133 123 144 123
151 105 162 105
180 76 183 78
183 73 186 75
190 66 193 68
18 239 21 241
72 185 83 185
94 163 94 174
96 161 99 163
113 144 124 144
115 142 126 142
125 132 126 137
135 122 146 122
139 118 142 120
151 106 156 107
165 92 170 93
166 91 177 91
178 79 181 81
194 63 198 64
12 246 17 247
28 230 31 232
54 204 65 204
59 199 64 200
70 188 75 189
76 182 79 184
79 179 90 179
86 172 89 174
100 158 103 160
106 152 109 154
145 113 150 114
149 109 160 109
160 98 163 100
176 82 179 84
16 243 19 245
22 237 25 239
34 225 37 227
38 221 41 223
45 214 50 215
53 206 56 208
63 196 74 196
79 180 84 181
90 169 93 171
104 155 107 157
112 147 115 149
114 145 125 145
121 138 126 139
127 132 130 134
135 124 146 124
149 110 154 111
164 95 167 97
171 88 182 88
194 65 197 67
12 248 23 248
26 234 29 236
42 218 45 220
49 211 54 212
51 209 62 209
59 201 70 201
63 197 74 197
67 193 78 193
74 186 79 187
85 175 88 177
96 164 98 167
117 143 128 143
132 128 135 130
166 94 177 94
174 86 185 86
175 85 186 85
184 76 187 78
187 73 190 75
28 233 39 233
32 229 35 231
33 228 44 228
51 210 62 210
63 198 74 198
71 190 76 191
100 161 103 163
121 140 132 140
143 118 146 120
153 108 164 108
182 79 185 81
22 240 25 242
38 224 41 226
60 202 65 203
68 194 79 194
80 182 83 184
90 172 93 174
104 158 105 163
110 152 113 154
127 135 130 137
136 126 147 126
147 115 158 115
150 112 161 112
158 104 169 104
161 101 172 101
164 98 167 100
180 82 185 83
194 68 199 69
20 243 22 246
26 237 29 239
42 221 45 223
46 217 49 219
47 216 58 216
50 213 61 213
57 206 60 208
99 164 102 166
108 155 111 157
116 147 119 149
117 146 128 146
131 132 133 135
136 127 141 128
157 106 168 106
168 95 171 97
171 92 176 93
174 89 179 90
30 234 32 237
32 232 43 232
65 199 70 200
76 188 81 189
89 175 92 177
96 168 99 170
106 158 108 161
143 121 154 121
151 113 156 114
157 107 168 107
162 102 173 102
177 87 188 87
180 84 191 84
188 76 191 78
191 73 196 74
16 249 27 249
18 247 29 247
36 229 39 231
38 227 49 227
51 214 56 215
85 180 88 182
127 138 132 139
136 129 139 131
147 118 152 119
148 117 159 117
155 110 160 111
162 103 173 103
186 79 189 81
23 243 26 245
26 240 29 242
42 224 45 226
46 220 49 222
55 211 60 212
80 186 91 186
99 167 110 167
114 152 117 154
115 151 126 151
116 150 127 150
134 132 136 135
141 125 152 125
168 98 171 100
191 75 199 75
196 70 199 72
33 234 36 236
50 217 53 219
61 206 64 208
62 205 73 205
72 195 83 195
77 190 80 192
80 187 91 187
84 183 87 185
89 178 100 178
95 172 98 174
96 171 107 171
103 164 106 166
109 158 114 159
112 155 115 157
120 147 123 149
126 141 137 141
131 136 136 137
172 95 175 97
30 238 33 240
66 202 69 204
93 175 96 177
100 168 103 170
106 162 117 162
145 123 156 123
148 120 159 120
152 116 163 116
163 105 174 105
186 82 191 83
192 76 195 78
23 246 34 246
40 229 51 229
46 223 49 225
89 180 92 182
106 163 117 163
109 160 114 161
125 144 136 144
127 142 138 142
137 132 142 133
140 129 143 131
142 127 147 128
147 122 158 122
177 92 188 92
178 91 189 91
180 89 185 90
190 79 193 81
27 243 32 244
33 237 44 237
40 230 45 231
50 220 53 222
71 199 73 202
82 188 85 190
91 179 102 179
118 152 121 154
157 113 162 114
161 109 166 110
172 98 175 100
177 93 188 93
30 241 35 242
37 234 40 236
54 217 57 219
57 214 62 215
65 206 68 208
75 196 78 198
88 183 91 185
99 172 100 177
107 164 110 166
116 155 119 157
124 147 127 149
126 145 137 145
133 138 136 140
137 134 140 136
147 124 158 124
153 118 158 119
176 95 179 97
183 88 194 88
24 248 35 248
27 245 38 245
34 238 37 240
46 226 57 226
61 211 66 212
63 209 68 210
79 193 90 193
81 191 86 192
104 168 109 169
129 143 140 143
178 94 189 94
186 86 197 86
187 85 198 85
196 76 199 78
40 233 51 233
50 223 53 225
70 203 75 204
74 199 76 202
93 180 96 182
101 172 103 175
115 158 118 160
144 129 147 131
162 111 167 112
165 108 176 108
194 79 197 81
54 220 57 222
86 188 89 190
104 170 115 170
122 152 125 154
137 137 140 139
148 126 151 128
159 115 170 115
170 104 181 104
173 101 184 101
176 98 179 100
192 82 195 84
41 234 44 236
58 217 61 219
59 216 70 216
62 213 73 213
69 206 72 208
79 196 82 198
81 194 92 194
92 183 95 185
111 164 114 166
120 155 123 157
128 147 130 150
129 146 140 146
141 134 143 137
143 132 148 133
169 106 174 107
180 95 183 97
186 89 191 90
33 243 38 244
38 238 41 240
44 232 55 232
46 230 51 231
77 199 80 201
104 172 109 173
115 161 126 161
155 121 166 121
163 113 168 114
174 102 179 103
189 87 199 87
28 249 39 249
30 247 41 247
36 241 41 242
50 227 61 227
54 223 57 225
63 214 68 215
97 180 102 181
101 176 104 178
119 158 122 160
137 140 148 140
148 129 151 131
159 118 164 119
160 117 171 117
58 220 61 222
67 211 78 211
69 209 74 210
87 191 92 192
90 188 93 190
92 186 103 186
104 174 115 174
110 168 115 169
111 167 122 167
126 152 129 154
127 151 138 151
131 147 133 150
144 134 147 136
152 126 155 128
153 125 164 125
168 110 171 112
180 98 183 100
45 234 47 237
62 217 65 219
67 212 78 212
73 206 76 208
74 205 85 205
76 203 81 204
77 202 88 202
83 196 86 198
84 195 95 195
92 187 103 187
96 183 101 184
97 182 108 182
108 171 119 171
115 164 118 166
124 155 127 157
138 141 149 141
141 138 146 139
184 95 187 97
42 238 53 238
52 228 55 230
81 199 84 201
105 175 108 177
118 162 123 163
160 120 171 120
164 116 175 116
175 105 186 105
35 246 46 246
42 239 47 240
58 223 61 225
96 185 107 185
123 158 126 160
134 147 137 149
137 144 148 144
139 142 150 142
144 137 155 137
149 132 152 134
152 129 155 131
159 122 162 124
172 109 175 111
175 106 180 107
189 92 194 93
190 91 199 91
192 89 197 90
39 243 42 245
48 234 53 235
62 220 65 222
94 188 97 190
103 179 106 181
110 172 115 173
130 152 133 154
156 126 159 128
169 113 174 114
180 102 191 102
184 98 187 100
42 241 47 242
52 231 63 231
66 217 69 219
69 214 74 215
77 206 80 208
87 196 90 198
119 164 122 166
128 155 131 157
148 135 153 136
165 118 170 119
180 103 191 103
188 95 191 97
36 248 47 248
48 236 53 237
56 228 59 230
58 226 69 226
75 209 80 210
85 199 88 201
91 193 102 193
93 191 98 192
109 175 109 186
116 168 119 170
139 145 150 145
141 143 152 143
52 233 63 233
62 223 65 225
82 203 87 204
102 183 107 184
110 175 121 175
127 158 130 160
138 147 141 149
147 138 152 139
153 132 156 134
156 129 159 131
163 122 166 124
173 112 184 112
176 109 187 109
177 108 188 108
43 243 46 245
66 220 69 222
98 188 103 189
110 176 115 177
124 162 127 164
134 152 137 154
160 126 163 128
171 115 182 115
176 110 187 110
182 104 193 104
185 101 196 101
188 98 191 100
192 94 195 96
48 239 51 241
70 217 73 219
71 216 82 216
74 213 85 213
81 206 84 208
91 196 94 198
93 194 104 194
123 164 123 175
132 155 135 157
176 111 187 111
181 106 186 107
195 92 199 93
54 234 57 236
56 232 67 232
60 228 63 230
89 199 92 201
98 190 109 190
110 178 113 180
116 172 119 174
120 168 122 171
127 161 138 161
142 146 145 148
167 121 170 123
175 113 180 114
42 247 53 247
62 227 73 227
66 223 69 225
75 214 86 214
124 165 127 167
131 158 134 160
139 150 142 152
154 135 159 136
157 132 160 134
160 129 163 131
171 118 176 119
172 117 183 117
48 242 53 243
70 220 73 222
75 215 86 215
79 211 84 212
81 209 86 210
99 191 104 192
104 186 107 188
128 162 131 164
150 140 155 141
164 126 167 128
165 125 176 125
196 94 199 96
47 244 50 246
52 239 63 239
54 237 59 238
74 217 77 219
85 206 88 208
86 205 97 205
88 203 93 204
89 202 100 202
95 196 98 198
96 195 107 195
110 181 113 183
136 155 137 160
138 153 143 154
153 138 158 139
52 240 57 241
58 234 61 236
64 228 66 231
93 199 96 201
114 178 116 181
116 176 121 177
120 172 122 174
124 168 127 170
143 149 146 151
146 146 149 148
171 121 174 123
172 120 183 120
176 116 187 116
187 105 190 107
70 223 73 225
104 189 115 189
128 165 130 168
149 144 160 144
151 142 162 142
156 137 167 137
161 132 164 134
164 129 167 131
74 220 77 222
110 184 113 186
132 162 135 164
139 155 142 157
168 126 171 128
170 124 181 124
181 113 186 114
192 102 197 103
51 244 54 246
67 228 70 230
78 217 83 218
89 206 92 208
99 196 102 198
108 187 113 188
117 178 120 180
124 171 127 173
143 152 154 152
160 135 165 136
177 118 182 119
197 98 199 101
48 248 53 249
54 242 59 243
62 234 65 236
70 226 81 226
85 211 90 212
87 209 92 210
97 199 100 201
103 193 114 193
105 191 110 192
114 182 117 184
131 165 134 167
138 158 141 160
147 149 150 151
150 146 153 148
151 145 162 145
153 143 164 143
156 140 167 140
175 121 178 123
191 105 194 107
60 237 65 238
74 223 77 225
78 219 80 222
94 203 99 204
128 169 131 171
144 153 147 155
159 138 164 139
165 132 170 133
168 129 171 131
185 112 196 112
188 109 193 110
189 108 199 108
58 240 63 241
65 233 76 233
67 231 78 231
117 181 128 181
122 176 125 178
124 174 129 175
136 162 139 164
143 155 143 166
172 126 175 128
183 115 194 115
55 244 57 247
71 228 74 230
86 213 97 213
93 206 96 208
103 196 106 198
114 185 117 187
131 168 142 168
165 134 176 134
195 104 198 106
66 234 77 234
68 232 79 232
81 219 84 221
84 216 87 218
101 199 103 202
106 194 117 194
110 190 121 190
118 182 121 184
121 179 126 180
128 172 139 172
135 165 138 167
144 156 145 161
151 149 154 151
154 146 157 148
179 121 182 123
187 113 198 113
66 235 69 237
74 227 85 227
78 223 81 225
87 214 92 215
128 173 139 173
132 169 135 171
140 161 142 164
148 153 151 155
166 135 171 136
172 129 175 131
183 118 188 119
184 117 195 117
187 114 198 114
54 248 59 249
58 244 61 246
60 242 65 243
91 211 96 212
93 209 98 210
111 191 122 191
114 188 125 188
126 176 129 178
146 156 149 158
176 126 179 128
177 125 188 125
75 228 80 229
81 222 92 222
97 206 100 208
98 205 109 205
100 203 105 204
104 199 107 201
107 196 110 198
108 195 119 195
111 192 122 192
118 185 121 187
165 138 170 139
171 132 176 133
194 109 197 111
64 240 69 241
66 238 77 238
85 219 88 221
88 216 91 218
122 182 125 184
130 174 133 176
139 165 142 167
155 149 158 151
158 146 161 148
163 141 168 142
183 121 186 123
184 120 195 120
188 116 199 116
58 247 69 247
70 235 75 236
82 223 84 226
116 189 127 189
136 169 139 171
146 159 148 162
152 153 155 155
161 144 172 144
168 137 179 137
176 129 179 131
62 244 65 246
104 202 115 202
127 179 132 180
144 162 144 173
150 156 153 158
180 126 183 128
182 124 193 124
70 237 81 237
77 230 88 230
93 214 96 216
101 206 104 208
108 199 111 201
111 196 114 198
122 185 125 187
130 177 135 178
145 162 145 173
155 152 166 152
172 135 177 136
189 118 194 119
60 248 65 249
66 242 69 244
85 223 88 225
89 219 92 221
97 211 102 212
99 209 104 210
115 193 126 193
126 182 128 185
134 174 139 175
149 159 151 162
159 149 162 151
162 146 165 148
163 145 174 145
165 143 176 143
187 121 190 123
70 239 73 241
81 228 86 229
92 217 97 218
106 203 111 204
140 169 143 171
146 163 149 165
156 153 159 155
171 138 174 140
180 129 183 131
77 233 88 233
79 231 90 231
129 181 132 183
134 176 145 176
154 156 157 158
169 141 174 142
177 133 182 134
184 126 187 128
66 245 71 246
76 235 81 236
85 226 96 226
97 214 100 216
105 206 108 208
112 199 115 201
115 196 118 198
152 159 155 161
70 242 73 244
78 234 89 234
80 232 91 232
89 223 94 224
93 219 95 222
118 194 129 194
126 186 129 188
133 179 136 181
140 172 143 174
146 166 149 168
163 149 166 151
166 146 169 148
191 121 194 123
86 227 97 227
123 190 126 192
129 184 134 185
136 177 141 178
150 163 153 165
160 153 165 154
175 138 178 140
178 135 183 136
184 129 187 131
195 118 199 119
66 248 71 249
75 239 86 239
89 225 100 225
101 213 104 215
103 211 108 212
105 209 116 209
152 162 163 162
158 156 163 157
188 126 191 128
189 125 199 125
74 241 77 243
87 228 92 229
96 219 99 221
109 206 112 208
110 205 121 205
112 203 117 204
116 199 121 200
119 196 122 198
120 195 131 195
133 182 144 182
140 175 151 175
146 169 151 170
156 159 159 161
160 155 171 155
183 132 194 132
78 238 89 238
98 218 109 218
130 186 133 188
133 183 144 183
137 179 140 181
150 166 153 168
167 149 170 151
170 146 173 148
175 141 186 141
196 120 199 122
70 247 81 247
72 245 77 246
82 235 85 237
101 216 106 217
107 210 118 210
116 201 127 201
127 190 129 193
128 189 139 189
146 171 149 173
154 163 157 165
159 158 170 158
173 144 184 144
175 142 186 142
179 138 182 140
180 137 191 137
183 134 194 134
184 133 195 133
74 244 85 244
78 240 81 242
95 223 106 223
105 213 108 215
144 174 155 174
188 130 193 131
192 126 195 128
89 230 100 230
100 219 103 221
113 206 116 208
123 196 128 197
135 184 138 186
142 177 144 180
160 159 163 161
166 153 171 154
167 152 178 152
184 135 189 136
72 248 77 249
96 224 107 224
109 211 111 214
118 202 121 204
130 190 135 191
154 166 157 168
164 156 169 157
171 149 176 150
174 146 177 148
175 145 186 145
177 143 188 143
86 235 89 237
93 228 98 229
99 222 110 222
122 199 127 200
123 198 134 198
134 187 139 188
150 171 153 173
152 169 157 170
158 163 161 165
183 138 186 140
82 240 85 242
89 233 100 233
91 231 102 231
130 192 135 193
145 177 148 179
146 176 157 176
171 151 182 151
196 126 199 128
78 245 83 246
97 226 108 226
104 219 107 221
107 216 112 217
112 211 115 213
117 206 120 208
139 184 150 184
164 159 167 161
194 129 197 131
90 234 92 237
92 232 103 232
109 215 120 215
122 202 125 204
130 194 141 194
139 185 144 186
158 166 161 168
178 146 181 148
98 227 109 227
129 196 134 197
145 180 148 182
154 171 157 173
162 163 165 165
172 153 175 155
187 138 189 141
78 248 83 249
83 243 94 243
86 240 89 242
87 239 98 239
101 225 112 225
112 214 123 214
117 209 128 209
136 190 139 192
149 177 152 179
164 162 175 162
170 156 175 157
177 149 182 150
93 234 96 236
99 228 104 229
108 219 111 221
116 211 119 213
121 206 124 208
122 205 133 205
128 199 131 201
132 195 143 195
140 187 143 189
152 175 163 175
158 169 161 171
168 159 171 161
192 135 194 138
198 129 199 134
90 238 101 238
126 202 129 204
145 183 156 183
162 166 165 168
182 146 185 148
190 138 191 143
196 132 197 137
82 247 93 247
84 245 89 246
111 218 122 218
113 216 124 216
119 210 130 210
149 180 160 180
166 163 169 165
176 153 179 155
185 144 196 144
86 244 97 244
90 240 93 242
93 237 104 237
107 223 118 223
113 217 124 217
137 193 148 193
140 190 143 192
145 185 146 190
149 181 154 182
153 177 156 179
158 172 161 174
172 158 175 160
97 234 100 236
101 230 112 230
112 219 117 220
120 211 123 213
125 206 128 208
132 199 135 201
135 196 140 197
162 169 165 171
179 152 190 152
192 139 195 141
84 248 89 249
108 224 119 224
130 202 133 204
147 185 150 187
166 166 169 168
176 156 179 158
183 149 186 151
186 146 189 148
187 145 198 145
105 228 116 228
111 222 122 222
112 221 123 221
135 198 146 198
170 163 173 165
172 161 183 161
180 153 183 155
198 135 198 144
94 240 97 242
101 233 104 235
105 229 116 229
157 177 160 179
158 176 169 176
162 172 165 174
192 142 197 143
196 138 197 141
199 135 199 146
90 245 95 246
104 231 109 232
109 226 120 226
124 211 127 213
129 206 132 208
136 199 139 201
144 191 149 192
147 188 152 189
151 184 154 186
166 169 169 171
176 159 181 160
121 215 132 215
134 202 137 204
142 194 153 194
155 181 160 182
170 166 173 168
180 156 185 157
187 149 190 151
190 146 193 148
101 236 112 236
110 227 121 227
118 219 129 219
141 196 152 196
174 163 177 165
184 153 187 155
90 248 95 249
95 243 106 243
98 240 103 241
99 239 110 239
105 233 108 235
113 225 124 225
118 220 129 220
124 214 135 214
129 209 140 209
151 187 162 187
161 177 164 179
166 172 169 174
176 162 187 162
128 211 139 211
133 206 136 208
140 199 143 201
144 195 155 195
149 190 160 190
155 184 158 186
164 175 175 175
170 169 173 171
98 242 109 242
128 212 139 212
135 205 146 205
138 202 141 204
157 183 168 183
174 166 177 168
182 158 185 160
191 149 194 151
194 146 197 148
94 247 105 247
96 245 101 246
110 231 121 231
123 218 134 218
125 216 130 217
128 213 139 213
131 210 142 210
150 191 153 193
153 188 158 189
161 180 164 182
178 163 181 165
188 153 191 155
98 244 109 244
105 237 110 238
109 233 112 235
110 232 121 232
119 223 130 223
165 177 170 178
170 172 173 174
186 156 189 158
113 230 124 230
137 206 140 208
144 199 147 201
159 184 164 185
174 169 175 174
191 152 199 152
96 248 101 249
104 240 109 241
120 224 131 224
142 202 147 203
147 197 152 198
165 179 167 182
178 166 181 168
195 149 198 151
117 228 122 229
124 221 129 222
154 191 157 193
159 186 170 186
176 169 179 171
182 163 185 165
184 161 195 161
186 159 191 160
192 153 195 155
113 233 116 235
170 176 181 176
190 156 193 158
102 245 107 246
121 226 132 226
131 216 142 216
141 206 144 208
148 199 151 201
159 188 164 189
168 179 171 181
111 237 114 239
131 217 142 217
133 215 144 215
154 194 165 194
171 177 182 177
176 172 178 175
182 166 185 168
113 236 124 236
122 227 133 227
130 219 133 221
145 204 156 204
153 196 156 198
158 191 163 192
165 184 170 185
171 178 182 178
180 169 183 171
186 163 189 165
196 153 199 155
102 248 107 249
107 243 118 243
110 240 113 242
117 233 120 235
125 225 136 225
136 214 147 214
148 202 153 203
163 187 174 187
168 182 179 182
188 162 199 162
194 156 197 158
123 228 128 229
140 211 151 211
145 206 156 206
152 199 155 201
156 195 167 195
161 190 172 190
172 179 175 181
179 172 182 174
115 237 118 239
130 222 141 222
140 212 145 213
143 209 148 210
145 207 150 208
169 183 180 183
186 166 189 168
106 247 117 247
108 245 113 246
122 231 125 233
134 219 137 221
135 218 146 218
148 205 159 205
157 196 160 198
160 193 171 193
165 188 170 189
184 169 187 171
190 163 193 165
110 244 121 244
114 240 117 242
131 223 142 223
198 156 199 161
121 234 126 235
156 199 159 201
164 191 169 192
171 184 174 186
176 179 179 181
183 172 186 174
108 248 113 249
119 237 122 239
126 230 137 230
132 224 143 224
154 202 159 203
190 166 191 171
126 231 129 233
129 228 134 229
138 219 141 221
161 196 164 198
182 175 187 176
188 169 188 180
194 163 197 165
118 240 121 242
146 212 157 212
149 209 154 210
151 207 156 208
189 169 189 180
192 166 194 169
114 245 119 246
133 226 144 226
143 216 148 217
160 199 165 200
171 188 176 189
175 184 178 186
180 179 183 181
123 237 126 239
145 215 156 215
166 194 177 194
183 177 187 178
125 236 136 236
127 234 132 235
130 231 133 233
134 227 145 227
142 219 145 221
157 204 168 204
160 201 163 203
170 191 175 192
195 166 197 169
198 163 199 168
114 248 119 249
119 243 130 243
122 240 125 242
137 225 148 225
148 214 159 214
165 197 170 198
175 187 186 187
180 182 191 182
190 172 192 175
192 170 197 171
135 228 140 229
152 211 163 211
157 206 160 208
167 196 178 196
168 195 179 195
173 190 184 190
179 184 182 186
184 179 187 181
127 237 130 239
142 222 153 222
151 213 162 213
155 209 160 210
181 183 192 183
118 247 129 247
120 245 125 246
134 231 137 233
146 219 149 221
147 218 158 218
149 216 154 217
160 205 171 205
164 201 169 202
166 199 171 200
172 193 183 193
177 188 182 189
193 172 196 174
122 244 133 244
126 240 129 242
143 223 154 223
190 176 193 178
133 234 138 235
161 206 164 208
164 203 175 203
176 191 181 192
183 184 186 186
198 169 198 180
120 248 125 249
131 237 133 240
138 230 141 232
144 224 155 224
171 197 176 198
199 169 199 180
141 228 146 229
150 219 153 221
188 181 199 181
190 179 195 180
194 175 197 177
161 209 166 210
126 245 131 246
130 241 135 242
134 237 137 239
138 233 149 233
145 226 156 226
155 216 160 217
165 206 168 208
170 201 175 202
172 199 177 200
183 188 188 189
187 184 190 186
142 230 145 232
157 215 168 215
178 194 189 194
137 236 148 236
139 234 144 235
146 227 157 227
154 219 157 221
169 204 180 204
182 191 187 192
126 248 131 249
131 243 142 243
134 240 145 240
149 225 160 225
160 214 171 214
177 197 182 198
187 187 198 187
192 182 199 182
138 237 149 237
147 228 149 231
164 211 167 213
169 206 172 208
179 196 190 196
180 195 191 195
185 190 196 190
191 184 194 186
138 238 143 239
154 222 165 222
167 209 172 210
130 247 141 247
132 245 137 246
136 241 141 242
158 219 161 221
159 218 170 218
161 216 166 217
172 205 183 205
176 201 187 201
178 199 183 200
184 193 195 193
189 188 194 189
134 244 145 244
146 232 157 232
150 228 153 230
176 202 187 202
195 183 198 185
145 234 156 234
168 211 171 213
173 206 176 208
132 248 137 249
145 235 156 235
156 224 167 224
177 203 188 203
183 197 188 198
188 192 199 192
150 231 161 231
158 223 169 223
162 219 165 221
144 238 149 239
154 228 157 230
173 209 178 210
142 241 147 242
150 233 161 233
157 226 168 226
167 216 178 216
172 211 174 214
177 206 180 208
184 199 195 199
195 188 199 189
138 246 149 246
167 217 178 217
169 215 180 215
184 200 195 200
140 245 151 245
158 227 161 229
166 219 169 221
181 204 192 204
138 248 143 249
146 240 157 240
150 236 153 238
161 225 172 225
175 211 178 213
189 197 194 198
192 194 195 196
181 206 182 211
158 230 169 230
166 222 177 222
179 209 180 214
142 247 153 247
146 243 157 243
148 241 153 242
150 239 161 239
162 227 165 229
170 219 173 221
171 218 182 218
183 206 184 211
184 205 195 205
188 201 193 202
196 193 199 195
154 236 165 236
158 232 169 232
154 237 159 238
157 234 162 235
185 206 188 208
144 248 149 249
168 224 179 224
189 203 199 203
195 197 199 198
162 231 173 231
166 227 169 229
170 223 181 223
174 219 177 221
181 212 184 214
150 244 161 244
185 209 188 211
154 241 159 242
169 226 180 226
179 216 184 217
189 206 192 208
194 201 199 202
150 246 161 246
163 233 166 235
181 215 192 215
160 237 165 238
170 227 173 229
178 219 181 221
185 212 188 214
150 248 155 249
153 245 164 245
189 209 191 212
159 240 170 240
193 206 195 209
167 233 170 235
170 230 181 230
178 222 189 222
158 243 169 243
160 241 165 242
162 239 173 239
174 227 179 228
182 219 185 221
185 216 188 218
196 205 199 207
166 236 177 236
170 232 181 232
189 213 194 214
192 210 195 212
156 247 159 249
166 237 171 238
174 229 185 229
171 233 174 235
180 224 185 225
196 208 196 219
174 231 185 231
186 219 189 221
189 216 192 218
197 208 199 211
162 244 173 244
160 247 163 249
166 241 171 242
180 227 185 228
162 246 173 246
175 233 178 235
185 223 196 223
193 215 194 220
195 213 195 222
197 212 199 215
165 245 176 245
172 238 183 238
173 237 184 237
186 224 197 224
164 247 167 249
171 240 182 240
185 226 196 226
186 225 197 225
179 233 182 235
182 230 193 230
170 243 181 243
172 241 177 242
174 239 185 239
186 227 189 229
197 216 199 219
178 236 189 236
182 232 193 232
168 247 171 249
183 233 186 235
196 220 199 222
186 231 197 231
190 227 193 229
172 247 175 249
178 241 183 242
174 246 185 246
187 233 190 235
194 227 197 229
198 223 199 228
184 238 195 238
185 237 196 237
176 247 179 249
178 245 189 245
183 240 194 240
191 233 194 235
181 244 192 244
182 243 193 243
184 241 189 242
186 239 197 239
190 236 199 236
180 247 183 249
195 232 198 234
184 247 187 249
190 241 195 242
186 246 197 246
188 247 191 249
190 245 199 245
198 237 199 242
196 240 197 244
192 247 195 249
196 247 199 249
